<?xml version="1.0" encoding="UTF-8"?>
<testsuites name="Email" time="74" tests="1" failures="0" errors="0">
   <testsuite name="Email" tests="1" failures="0" errors="0" time="74" timestamp="2019-03-12 16:12:36" hostname="root - 73d98d4f370f" id="Test Suites/Email">
      <properties>
         <property name="deviceName" value=""/>
         <property name="devicePlatform" value=""/>
         <property name="logFolder" value="/tmp/katalon_execute/project/Reports/Email/20190312_161226"/>
         <property name="logFiles" value="/tmp/katalon_execute/project/Reports/Email/20190312_161226/execution0.log"/>
         <property name="attachments" value=""/>
         <property name="hostName" value="root - 73d98d4f370f"/>
         <property name="os" value="Linux 64bit"/>
         <property name="katalonVersion" value="5.10.1.1"/>
         <property name="browser" value="Chrome 72.0.3626.109"/>
         <property name="hostAddress" value="172.17.0.2"/>
         <property name="sessionId" value="dd4dfbac0930ca770c1521fb23908506"/>
         <property name="seleniumVersion" value="3.7.1"/>
         <property name="proxyInformation" value="ProxyInformation{proxyOption=NO_PROXY, proxyServerType=HTTP, password=, proxyServerAddress=, proxyServerPort=0}"/>
         <property name="platform" value="Linux"/>
      </properties>
      <testcase name="Test Cases/Email" classname="Test Cases/Email" status="PASSED">
         <system-out><![CDATA[2019-03-12 16:12:38 - [TEST_CASE][PASSED] - Test Cases/Email: Test Cases/Email

2019-03-12 16:12:41 - [TEST_STEP][PASSED] - openBrowser("https://www.mail.com/int"): Browser is opened with url: 'https://www.mail.com/int'

2019-03-12 16:12:42 - [MESSAGE][INFO] - Starting 'Chrome' driver

2019-03-12 16:12:42 - [MESSAGE][INFO] - Action delay is set to 0 seconds

2019-03-12 16:13:03 - [MESSAGE][PASSED] - Browser is opened with url: 'https://www.mail.com/int'

2019-03-12 16:13:03 - [TEST_STEP][PASSED] - click(findTestObject("a_Log in")): Object: 'Object Repository/a_Log in' is clicked on

2019-03-12 16:13:04 - [MESSAGE][PASSED] - Object: 'Object Repository/a_Log in' is clicked on

2019-03-12 16:13:04 - [TEST_STEP][PASSED] - delay(2): Delayed 2 second(s)

2019-03-12 16:13:06 - [MESSAGE][PASSED] - Delayed 2 second(s)

2019-03-12 16:13:07 - [TEST_STEP][PASSED] - setText(findTestObject("input_Email_username"), "katalontest@dr.com"): Text 'katalontest@dr.com' is set on object 'Object Repository/input_Email_username'

2019-03-12 16:13:07 - [MESSAGE][PASSED] - Text 'katalontest@dr.com' is set on object 'Object Repository/input_Email_username'

2019-03-12 16:13:07 - [TEST_STEP][PASSED] - delay(2): Delayed 2 second(s)

2019-03-12 16:13:09 - [MESSAGE][PASSED] - Delayed 2 second(s)

2019-03-12 16:13:09 - [TEST_STEP][PASSED] - setText(findTestObject("input_Password_password"), "@Admin123"): Text '@Admin123' is set on object 'Object Repository/input_Password_password'

2019-03-12 16:13:10 - [MESSAGE][PASSED] - Text '@Admin123' is set on object 'Object Repository/input_Password_password'

2019-03-12 16:13:10 - [TEST_STEP][PASSED] - delay(2): Delayed 2 second(s)

2019-03-12 16:13:12 - [MESSAGE][PASSED] - Delayed 2 second(s)

2019-03-12 16:13:12 - [TEST_STEP][PASSED] - click(findTestObject("span_Log in")): Object: 'Object Repository/span_Log in' is clicked on

2019-03-12 16:13:19 - [MESSAGE][PASSED] - Object: 'Object Repository/span_Log in' is clicked on

2019-03-12 16:13:19 - [TEST_STEP][PASSED] - delay(2): Delayed 2 second(s)

2019-03-12 16:13:21 - [MESSAGE][PASSED] - Delayed 2 second(s)

2019-03-12 16:13:21 - [TEST_STEP][PASSED] - click(findTestObject("span_E-mail")): Object: 'Object Repository/span_E-mail' is clicked on

2019-03-12 16:13:25 - [MESSAGE][PASSED] - Object: 'Object Repository/span_E-mail' is clicked on

2019-03-12 16:13:25 - [TEST_STEP][PASSED] - delay(2): Delayed 2 second(s)

2019-03-12 16:13:27 - [MESSAGE][PASSED] - Delayed 2 second(s)

2019-03-12 16:13:27 - [TEST_STEP][PASSED] - click(findTestObject("a_Compose E-mail")): Object: 'Object Repository/a_Compose E-mail' is clicked on

2019-03-12 16:13:28 - [MESSAGE][PASSED] - Object: 'Object Repository/a_Compose E-mail' is clicked on

2019-03-12 16:13:28 - [TEST_STEP][PASSED] - delay(2): Delayed 2 second(s)

2019-03-12 16:13:30 - [MESSAGE][PASSED] - Delayed 2 second(s)

2019-03-12 16:13:30 - [TEST_STEP][PASSED] - setText(findTestObject("input_To"), "rafaelpolo@cbit-online.com"): Text 'rafaelpolo@cbit-online.com' is set on object 'Object Repository/input_To'

2019-03-12 16:13:33 - [MESSAGE][PASSED] - Text 'rafaelpolo@cbit-online.com' is set on object 'Object Repository/input_To'

2019-03-12 16:13:33 - [TEST_STEP][PASSED] - delay(2): Delayed 2 second(s)

2019-03-12 16:13:35 - [MESSAGE][PASSED] - Delayed 2 second(s)

2019-03-12 16:13:35 - [TEST_STEP][PASSED] - click(findTestObject("span_Subject")): Object: 'Object Repository/span_Subject' is clicked on

2019-03-12 16:13:35 - [MESSAGE][PASSED] - Object: 'Object Repository/span_Subject' is clicked on

2019-03-12 16:13:35 - [TEST_STEP][PASSED] - delay(2): Delayed 2 second(s)

2019-03-12 16:13:37 - [MESSAGE][PASSED] - Delayed 2 second(s)

2019-03-12 16:13:37 - [TEST_STEP][PASSED] - setText(findTestObject("input_Subject_composeHeadersubjectmailObjectContentmailObjectInput"), "Prueba katalon"): Text 'Prueba katalon' is set on object 'Object Repository/input_Subject_composeHeadersubjectmailObjectContentmailObjectInput'

2019-03-12 16:13:38 - [MESSAGE][PASSED] - Text 'Prueba katalon' is set on object 'Object Repository/input_Subject_composeHeadersubjectmailObjectContentmailObjectInput'

2019-03-12 16:13:38 - [TEST_STEP][PASSED] - delay(2): Delayed 2 second(s)

2019-03-12 16:13:40 - [MESSAGE][PASSED] - Delayed 2 second(s)

2019-03-12 16:13:40 - [TEST_STEP][PASSED] - click(findTestObject("span_icon")): Object: 'Object Repository/span_icon' is clicked on

2019-03-12 16:13:41 - [MESSAGE][PASSED] - Object: 'Object Repository/span_icon' is clicked on

2019-03-12 16:13:41 - [TEST_STEP][PASSED] - delay(2): Delayed 2 second(s)

2019-03-12 16:13:43 - [MESSAGE][PASSED] - Delayed 2 second(s)

2019-03-12 16:13:43 - [TEST_STEP][PASSED] - click(findTestObject("span_Well")): Object: 'Object Repository/span_Well' is clicked on

2019-03-12 16:13:44 - [MESSAGE][PASSED] - Object: 'Object Repository/span_Well' is clicked on

2019-03-12 16:13:45 - [TEST_STEP][PASSED] - delay(2): Delayed 2 second(s)

2019-03-12 16:13:47 - [MESSAGE][PASSED] - Delayed 2 second(s)

2019-03-12 16:13:47 - [TEST_STEP][PASSED] - click(findTestObject("button_Send (1)")): Object: 'Object Repository/button_Send (1)' is clicked on

2019-03-12 16:13:49 - [MESSAGE][PASSED] - Object: 'Object Repository/button_Send (1)' is clicked on]]></system-out>
         <system-err><![CDATA[]]></system-err>
      </testcase>
      <system-out><![CDATA[2019-03-12 16:12:36 - [TEST_SUITE][PASSED] - Email: Test Cases/Email]]></system-out>
      <system-err><![CDATA[]]></system-err>
   </testsuite>
</testsuites>
